<?xml version="1.0" encoding="UTF-8"?>
<!-- Generated by org.testng.reporters.JUnitReportReporter -->
<testsuite hostname="DESKTOP-QCVUE6B" failures="0" tests="3" name="test.TestClass" time="33.707" errors="0" timestamp="2024-06-14T16:08:31 IST" skipped="0">
  <testcase classname="test.TestClass" name="getDriver" time="13.809"/>
  <testcase classname="test.TestClass" name="getDriver" time="7.367"/>
  <testcase classname="test.TestClass" name="getDriver" time="12.531"/>
</testsuite> <!-- test.TestClass -->
